<?xml version="1.0" encoding="UTF-8"?>
<testsuite xmlns:xsi="http://www.w3.org/2001/XMLSchema-instance" xsi:noNamespaceSchemaLocation="https://maven.apache.org/surefire/maven-surefire-plugin/xsd/surefire-test-report-3.0.xsd" version="3.0" name="RegressionTest" time="0.084" tests="58" errors="0" skipped="0" failures="0">
  <properties>
    <property name="awt.toolkit" value="sun.awt.X11.XToolkit"/>
    <property name="file.encoding.pkg" value="sun.io"/>
    <property name="java.specification.version" value="1.8"/>
    <property name="sun.cpu.isalist" value=""/>
    <property name="sun.jnu.encoding" value="UTF-8"/>
    <property name="java.class.path" value="/mnt/Data/Facultad/inge2/talleres/4/stackar/target/test-classes:/mnt/Data/Facultad/inge2/talleres/4/stackar/target/classes:/home/eric/.m2/repository/junit/junit/4.11/junit-4.11.jar:/home/eric/.m2/repository/org/hamcrest/hamcrest-core/1.3/hamcrest-core-1.3.jar:/home/eric/.m2/repository/org/jacoco/jacoco-maven-plugin/0.8.5/jacoco-maven-plugin-0.8.5.jar:/home/eric/.m2/repository/org/apache/maven/maven-plugin-api/3.0/maven-plugin-api-3.0.jar:/home/eric/.m2/repository/org/apache/maven/maven-model/3.0/maven-model-3.0.jar:/home/eric/.m2/repository/org/sonatype/sisu/sisu-inject-plexus/1.4.2/sisu-inject-plexus-1.4.2.jar:/home/eric/.m2/repository/org/sonatype/sisu/sisu-inject-bean/1.4.2/sisu-inject-bean-1.4.2.jar:/home/eric/.m2/repository/org/sonatype/sisu/sisu-guice/2.1.7/sisu-guice-2.1.7-noaop.jar:/home/eric/.m2/repository/org/apache/maven/maven-core/3.0/maven-core-3.0.jar:/home/eric/.m2/repository/org/apache/maven/maven-settings/3.0/maven-settings-3.0.jar:/home/eric/.m2/repository/org/apache/maven/maven-settings-builder/3.0/maven-settings-builder-3.0.jar:/home/eric/.m2/repository/org/apache/maven/maven-repository-metadata/3.0/maven-repository-metadata-3.0.jar:/home/eric/.m2/repository/org/apache/maven/maven-model-builder/3.0/maven-model-builder-3.0.jar:/home/eric/.m2/repository/org/apache/maven/maven-aether-provider/3.0/maven-aether-provider-3.0.jar:/home/eric/.m2/repository/org/sonatype/aether/aether-impl/1.7/aether-impl-1.7.jar:/home/eric/.m2/repository/org/sonatype/aether/aether-spi/1.7/aether-spi-1.7.jar:/home/eric/.m2/repository/org/sonatype/aether/aether-api/1.7/aether-api-1.7.jar:/home/eric/.m2/repository/org/sonatype/aether/aether-util/1.7/aether-util-1.7.jar:/home/eric/.m2/repository/org/codehaus/plexus/plexus-interpolation/1.14/plexus-interpolation-1.14.jar:/home/eric/.m2/repository/org/codehaus/plexus/plexus-classworlds/2.2.3/plexus-classworlds-2.2.3.jar:/home/eric/.m2/repository/org/codehaus/plexus/plexus-component-annotations/1.5.5/plexus-component-annotations-1.5.5.jar:/home/eric/.m2/repository/org/sonatype/plexus/plexus-sec-dispatcher/1.3/plexus-sec-dispatcher-1.3.jar:/home/eric/.m2/repository/org/sonatype/plexus/plexus-cipher/1.4/plexus-cipher-1.4.jar:/home/eric/.m2/repository/org/codehaus/plexus/plexus-utils/3.0.22/plexus-utils-3.0.22.jar:/home/eric/.m2/repository/org/apache/maven/shared/file-management/1.2.1/file-management-1.2.1.jar:/home/eric/.m2/repository/org/apache/maven/shared/maven-shared-io/1.1/maven-shared-io-1.1.jar:/home/eric/.m2/repository/org/apache/maven/wagon/wagon-provider-api/1.0-alpha-6/wagon-provider-api-1.0-alpha-6.jar:/home/eric/.m2/repository/org/codehaus/plexus/plexus-container-default/1.0-alpha-9/plexus-container-default-1.0-alpha-9.jar:/home/eric/.m2/repository/classworlds/classworlds/1.1-alpha-2/classworlds-1.1-alpha-2.jar:/home/eric/.m2/repository/org/apache/maven/reporting/maven-reporting-api/3.0/maven-reporting-api-3.0.jar:/home/eric/.m2/repository/org/apache/maven/doxia/doxia-sink-api/1.0/doxia-sink-api-1.0.jar:/home/eric/.m2/repository/org/apache/maven/reporting/maven-reporting-impl/2.1/maven-reporting-impl-2.1.jar:/home/eric/.m2/repository/org/apache/maven/doxia/doxia-core/1.1.2/doxia-core-1.1.2.jar:/home/eric/.m2/repository/org/apache/maven/doxia/doxia-logging-api/1.1.2/doxia-logging-api-1.1.2.jar:/home/eric/.m2/repository/xerces/xercesImpl/2.8.1/xercesImpl-2.8.1.jar:/home/eric/.m2/repository/commons-lang/commons-lang/2.4/commons-lang-2.4.jar:/home/eric/.m2/repository/commons-httpclient/commons-httpclient/3.1/commons-httpclient-3.1.jar:/home/eric/.m2/repository/commons-codec/commons-codec/1.2/commons-codec-1.2.jar:/home/eric/.m2/repository/org/apache/maven/doxia/doxia-site-renderer/1.1.2/doxia-site-renderer-1.1.2.jar:/home/eric/.m2/repository/org/apache/maven/doxia/doxia-decoration-model/1.1.2/doxia-decoration-model-1.1.2.jar:/home/eric/.m2/repository/org/apache/maven/doxia/doxia-module-xhtml/1.1.2/doxia-module-xhtml-1.1.2.jar:/home/eric/.m2/repository/org/apache/maven/doxia/doxia-module-fml/1.1.2/doxia-module-fml-1.1.2.jar:/home/eric/.m2/repository/org/codehaus/plexus/plexus-i18n/1.0-beta-7/plexus-i18n-1.0-beta-7.jar:/home/eric/.m2/repository/org/codehaus/plexus/plexus-velocity/1.1.7/plexus-velocity-1.1.7.jar:/home/eric/.m2/repository/org/apache/velocity/velocity/1.5/velocity-1.5.jar:/home/eric/.m2/repository/commons-validator/commons-validator/1.2.0/commons-validator-1.2.0.jar:/home/eric/.m2/repository/commons-digester/commons-digester/1.6/commons-digester-1.6.jar:/home/eric/.m2/repository/oro/oro/2.0.8/oro-2.0.8.jar:/home/eric/.m2/repository/xml-apis/xml-apis/1.0.b2/xml-apis-1.0.b2.jar:/home/eric/.m2/repository/org/jacoco/org.jacoco.agent/0.8.5/org.jacoco.agent-0.8.5-runtime.jar:/home/eric/.m2/repository/org/jacoco/org.jacoco.core/0.8.5/org.jacoco.core-0.8.5.jar:/home/eric/.m2/repository/org/ow2/asm/asm/7.2/asm-7.2.jar:/home/eric/.m2/repository/org/ow2/asm/asm-commons/7.2/asm-commons-7.2.jar:/home/eric/.m2/repository/org/ow2/asm/asm-analysis/7.2/asm-analysis-7.2.jar:/home/eric/.m2/repository/org/ow2/asm/asm-tree/7.2/asm-tree-7.2.jar:/home/eric/.m2/repository/org/jacoco/org.jacoco.report/0.8.5/org.jacoco.report-0.8.5.jar:/home/eric/.m2/repository/org/pitest/pitest-maven/1.5.2/pitest-maven-1.5.2.jar:/home/eric/.m2/repository/org/pitest/pitest-entry/1.5.2/pitest-entry-1.5.2.jar:/home/eric/.m2/repository/org/pitest/pitest/1.5.2/pitest-1.5.2.jar:/home/eric/.m2/repository/org/pitest/pitest-html-report/1.5.2/pitest-html-report-1.5.2.jar:/home/eric/.m2/repository/org/pitest/pitest-aggregator/1.5.2/pitest-aggregator-1.5.2.jar:/home/eric/.m2/repository/commons-collections/commons-collections/3.2.2/commons-collections-3.2.2.jar:/home/eric/.m2/repository/commons-beanutils/commons-beanutils/1.9.4/commons-beanutils-1.9.4.jar:/home/eric/.m2/repository/commons-logging/commons-logging/1.2/commons-logging-1.2.jar:/home/eric/.m2/repository/org/apache/maven/maven-project/2.2.1/maven-project-2.2.1.jar:/home/eric/.m2/repository/org/apache/maven/maven-profile/2.2.1/maven-profile-2.2.1.jar:/home/eric/.m2/repository/org/apache/maven/maven-artifact-manager/2.2.1/maven-artifact-manager-2.2.1.jar:/home/eric/.m2/repository/backport-util-concurrent/backport-util-concurrent/3.1/backport-util-concurrent-3.1.jar:/home/eric/.m2/repository/org/apache/maven/maven-plugin-registry/2.2.1/maven-plugin-registry-2.2.1.jar:/home/eric/.m2/repository/org/apache/maven/scm/maven-scm-api/1.9.4/maven-scm-api-1.9.4.jar:/home/eric/.m2/repository/org/apache/maven/scm/maven-scm-manager-plexus/1.9.4/maven-scm-manager-plexus-1.9.4.jar:/home/eric/.m2/repository/org/codehaus/groovy/groovy-all/2.4.18/groovy-all-2.4.18.jar:/home/eric/.m2/repository/org/apache/maven/scm/maven-scm-provider-accurev/1.9.4/maven-scm-provider-accurev-1.9.4.jar:/home/eric/.m2/repository/org/apache/maven/scm/maven-scm-provider-bazaar/1.9.4/maven-scm-provider-bazaar-1.9.4.jar:/home/eric/.m2/repository/org/apache/maven/scm/maven-scm-provider-clearcase/1.9.4/maven-scm-provider-clearcase-1.9.4.jar:/home/eric/.m2/repository/org/apache/maven/scm/maven-scm-provider-cvsexe/1.9.4/maven-scm-provider-cvsexe-1.9.4.jar:/home/eric/.m2/repository/org/apache/maven/scm/maven-scm-provider-cvs-commons/1.9.4/maven-scm-provider-cvs-commons-1.9.4.jar:/home/eric/.m2/repository/org/apache/maven/scm/maven-scm-provider-cvsjava/1.9.4/maven-scm-provider-cvsjava-1.9.4.jar:/home/eric/.m2/repository/org/netbeans/lib/cvsclient/20060125/cvsclient-20060125.jar:/home/eric/.m2/repository/ch/ethz/ganymed/ganymed-ssh2/build210/ganymed-ssh2-build210.jar:/home/eric/.m2/repository/org/apache/maven/scm/maven-scm-provider-gitexe/1.9.4/maven-scm-provider-gitexe-1.9.4.jar:/home/eric/.m2/repository/commons-io/commons-io/2.2/commons-io-2.2.jar:/home/eric/.m2/repository/org/apache/maven/scm/maven-scm-provider-git-commons/1.9.4/maven-scm-provider-git-commons-1.9.4.jar:/home/eric/.m2/repository/org/apache/maven/scm/maven-scm-provider-hg/1.9.4/maven-scm-provider-hg-1.9.4.jar:/home/eric/.m2/repository/org/apache/maven/scm/maven-scm-provider-perforce/1.9.4/maven-scm-provider-perforce-1.9.4.jar:/home/eric/.m2/repository/org/apache/maven/scm/maven-scm-provider-starteam/1.9.4/maven-scm-provider-starteam-1.9.4.jar:/home/eric/.m2/repository/org/apache/maven/scm/maven-scm-provider-svnexe/1.9.4/maven-scm-provider-svnexe-1.9.4.jar:/home/eric/.m2/repository/org/apache/maven/scm/maven-scm-provider-svn-commons/1.9.4/maven-scm-provider-svn-commons-1.9.4.jar:/home/eric/.m2/repository/org/apache/maven/scm/maven-scm-provider-synergy/1.9.4/maven-scm-provider-synergy-1.9.4.jar:/home/eric/.m2/repository/org/apache/maven/scm/maven-scm-provider-vss/1.9.4/maven-scm-provider-vss-1.9.4.jar:/home/eric/.m2/repository/org/apache/maven/scm/maven-scm-provider-tfs/1.9.4/maven-scm-provider-tfs-1.9.4.jar:/home/eric/.m2/repository/org/apache/maven/scm/maven-scm-provider-integrity/1.9.4/maven-scm-provider-integrity-1.9.4.jar:/home/eric/.m2/repository/com/mks/api/mksapi-jar/4.10.9049/mksapi-jar-4.10.9049.jar:/home/eric/.m2/repository/org/apache/maven/scm/maven-scm-provider-jazz/1.9.4/maven-scm-provider-jazz-1.9.4.jar:/home/eric/.m2/repository/org/apache/maven/surefire/surefire-booter/2.17/surefire-booter-2.17.jar:/home/eric/.m2/repository/org/apache/maven/surefire/surefire-api/2.17/surefire-api-2.17.jar:/home/eric/.m2/repository/org/apache/maven/surefire/maven-surefire-common/2.17/maven-surefire-common-2.17.jar:/home/eric/.m2/repository/org/apache/maven/plugin-tools/maven-plugin-annotations/3.2/maven-plugin-annotations-3.2.jar:/home/eric/.m2/repository/org/apache/maven/maven-plugin-descriptor/2.0.9/maven-plugin-descriptor-2.0.9.jar:/home/eric/.m2/repository/org/apache/commons/commons-lang3/3.1/commons-lang3-3.1.jar:/home/eric/.m2/repository/org/apache/maven/maven-artifact/2.2.1/maven-artifact-2.2.1.jar:/home/eric/.m2/repository/org/apache/maven/maven-toolchain/2.2.1/maven-toolchain-2.2.1.jar:/home/eric/.m2/repository/org/slf4j/jul-to-slf4j/1.7.12/jul-to-slf4j-1.7.12.jar:/home/eric/.m2/repository/org/slf4j/slf4j-api/1.7.12/slf4j-api-1.7.12.jar:/home/eric/.m2/repository/uk/org/lidalia/sysout-over-slf4j/1.0.2/sysout-over-slf4j-1.0.2.jar:/mnt/Data/Facultad/inge2/talleres/4/stackar/lib/randoop-all-4.2.3.jar:"/>
    <property name="java.vm.vendor" value="Oracle Corporation"/>
    <property name="sun.arch.data.model" value="64"/>
    <property name="java.vendor.url" value="http://java.oracle.com/"/>
    <property name="user.timezone" value=""/>
    <property name="java.vm.specification.version" value="1.8"/>
    <property name="os.name" value="Linux"/>
    <property name="user.country" value="GB"/>
    <property name="sun.java.launcher" value="SUN_STANDARD"/>
    <property name="sun.boot.library.path" value="/usr/lib/jvm/java-8-openjdk/jre/lib/amd64"/>
    <property name="sun.java.command" value="/mnt/Data/Facultad/inge2/talleres/4/stackar/target/surefire/surefirebooter89696792142508081.jar /mnt/Data/Facultad/inge2/talleres/4/stackar/target/surefire 2020-06-04T23-18-42_994-jvmRun1 surefire7172049471806386082tmp surefire_05460519592614934141tmp"/>
    <property name="surefire.test.class.path" value="/mnt/Data/Facultad/inge2/talleres/4/stackar/target/test-classes:/mnt/Data/Facultad/inge2/talleres/4/stackar/target/classes:/home/eric/.m2/repository/junit/junit/4.11/junit-4.11.jar:/home/eric/.m2/repository/org/hamcrest/hamcrest-core/1.3/hamcrest-core-1.3.jar:/home/eric/.m2/repository/org/jacoco/jacoco-maven-plugin/0.8.5/jacoco-maven-plugin-0.8.5.jar:/home/eric/.m2/repository/org/apache/maven/maven-plugin-api/3.0/maven-plugin-api-3.0.jar:/home/eric/.m2/repository/org/apache/maven/maven-model/3.0/maven-model-3.0.jar:/home/eric/.m2/repository/org/sonatype/sisu/sisu-inject-plexus/1.4.2/sisu-inject-plexus-1.4.2.jar:/home/eric/.m2/repository/org/sonatype/sisu/sisu-inject-bean/1.4.2/sisu-inject-bean-1.4.2.jar:/home/eric/.m2/repository/org/sonatype/sisu/sisu-guice/2.1.7/sisu-guice-2.1.7-noaop.jar:/home/eric/.m2/repository/org/apache/maven/maven-core/3.0/maven-core-3.0.jar:/home/eric/.m2/repository/org/apache/maven/maven-settings/3.0/maven-settings-3.0.jar:/home/eric/.m2/repository/org/apache/maven/maven-settings-builder/3.0/maven-settings-builder-3.0.jar:/home/eric/.m2/repository/org/apache/maven/maven-repository-metadata/3.0/maven-repository-metadata-3.0.jar:/home/eric/.m2/repository/org/apache/maven/maven-model-builder/3.0/maven-model-builder-3.0.jar:/home/eric/.m2/repository/org/apache/maven/maven-aether-provider/3.0/maven-aether-provider-3.0.jar:/home/eric/.m2/repository/org/sonatype/aether/aether-impl/1.7/aether-impl-1.7.jar:/home/eric/.m2/repository/org/sonatype/aether/aether-spi/1.7/aether-spi-1.7.jar:/home/eric/.m2/repository/org/sonatype/aether/aether-api/1.7/aether-api-1.7.jar:/home/eric/.m2/repository/org/sonatype/aether/aether-util/1.7/aether-util-1.7.jar:/home/eric/.m2/repository/org/codehaus/plexus/plexus-interpolation/1.14/plexus-interpolation-1.14.jar:/home/eric/.m2/repository/org/codehaus/plexus/plexus-classworlds/2.2.3/plexus-classworlds-2.2.3.jar:/home/eric/.m2/repository/org/codehaus/plexus/plexus-component-annotations/1.5.5/plexus-component-annotations-1.5.5.jar:/home/eric/.m2/repository/org/sonatype/plexus/plexus-sec-dispatcher/1.3/plexus-sec-dispatcher-1.3.jar:/home/eric/.m2/repository/org/sonatype/plexus/plexus-cipher/1.4/plexus-cipher-1.4.jar:/home/eric/.m2/repository/org/codehaus/plexus/plexus-utils/3.0.22/plexus-utils-3.0.22.jar:/home/eric/.m2/repository/org/apache/maven/shared/file-management/1.2.1/file-management-1.2.1.jar:/home/eric/.m2/repository/org/apache/maven/shared/maven-shared-io/1.1/maven-shared-io-1.1.jar:/home/eric/.m2/repository/org/apache/maven/wagon/wagon-provider-api/1.0-alpha-6/wagon-provider-api-1.0-alpha-6.jar:/home/eric/.m2/repository/org/codehaus/plexus/plexus-container-default/1.0-alpha-9/plexus-container-default-1.0-alpha-9.jar:/home/eric/.m2/repository/classworlds/classworlds/1.1-alpha-2/classworlds-1.1-alpha-2.jar:/home/eric/.m2/repository/org/apache/maven/reporting/maven-reporting-api/3.0/maven-reporting-api-3.0.jar:/home/eric/.m2/repository/org/apache/maven/doxia/doxia-sink-api/1.0/doxia-sink-api-1.0.jar:/home/eric/.m2/repository/org/apache/maven/reporting/maven-reporting-impl/2.1/maven-reporting-impl-2.1.jar:/home/eric/.m2/repository/org/apache/maven/doxia/doxia-core/1.1.2/doxia-core-1.1.2.jar:/home/eric/.m2/repository/org/apache/maven/doxia/doxia-logging-api/1.1.2/doxia-logging-api-1.1.2.jar:/home/eric/.m2/repository/xerces/xercesImpl/2.8.1/xercesImpl-2.8.1.jar:/home/eric/.m2/repository/commons-lang/commons-lang/2.4/commons-lang-2.4.jar:/home/eric/.m2/repository/commons-httpclient/commons-httpclient/3.1/commons-httpclient-3.1.jar:/home/eric/.m2/repository/commons-codec/commons-codec/1.2/commons-codec-1.2.jar:/home/eric/.m2/repository/org/apache/maven/doxia/doxia-site-renderer/1.1.2/doxia-site-renderer-1.1.2.jar:/home/eric/.m2/repository/org/apache/maven/doxia/doxia-decoration-model/1.1.2/doxia-decoration-model-1.1.2.jar:/home/eric/.m2/repository/org/apache/maven/doxia/doxia-module-xhtml/1.1.2/doxia-module-xhtml-1.1.2.jar:/home/eric/.m2/repository/org/apache/maven/doxia/doxia-module-fml/1.1.2/doxia-module-fml-1.1.2.jar:/home/eric/.m2/repository/org/codehaus/plexus/plexus-i18n/1.0-beta-7/plexus-i18n-1.0-beta-7.jar:/home/eric/.m2/repository/org/codehaus/plexus/plexus-velocity/1.1.7/plexus-velocity-1.1.7.jar:/home/eric/.m2/repository/org/apache/velocity/velocity/1.5/velocity-1.5.jar:/home/eric/.m2/repository/commons-validator/commons-validator/1.2.0/commons-validator-1.2.0.jar:/home/eric/.m2/repository/commons-digester/commons-digester/1.6/commons-digester-1.6.jar:/home/eric/.m2/repository/oro/oro/2.0.8/oro-2.0.8.jar:/home/eric/.m2/repository/xml-apis/xml-apis/1.0.b2/xml-apis-1.0.b2.jar:/home/eric/.m2/repository/org/jacoco/org.jacoco.agent/0.8.5/org.jacoco.agent-0.8.5-runtime.jar:/home/eric/.m2/repository/org/jacoco/org.jacoco.core/0.8.5/org.jacoco.core-0.8.5.jar:/home/eric/.m2/repository/org/ow2/asm/asm/7.2/asm-7.2.jar:/home/eric/.m2/repository/org/ow2/asm/asm-commons/7.2/asm-commons-7.2.jar:/home/eric/.m2/repository/org/ow2/asm/asm-analysis/7.2/asm-analysis-7.2.jar:/home/eric/.m2/repository/org/ow2/asm/asm-tree/7.2/asm-tree-7.2.jar:/home/eric/.m2/repository/org/jacoco/org.jacoco.report/0.8.5/org.jacoco.report-0.8.5.jar:/home/eric/.m2/repository/org/pitest/pitest-maven/1.5.2/pitest-maven-1.5.2.jar:/home/eric/.m2/repository/org/pitest/pitest-entry/1.5.2/pitest-entry-1.5.2.jar:/home/eric/.m2/repository/org/pitest/pitest/1.5.2/pitest-1.5.2.jar:/home/eric/.m2/repository/org/pitest/pitest-html-report/1.5.2/pitest-html-report-1.5.2.jar:/home/eric/.m2/repository/org/pitest/pitest-aggregator/1.5.2/pitest-aggregator-1.5.2.jar:/home/eric/.m2/repository/commons-collections/commons-collections/3.2.2/commons-collections-3.2.2.jar:/home/eric/.m2/repository/commons-beanutils/commons-beanutils/1.9.4/commons-beanutils-1.9.4.jar:/home/eric/.m2/repository/commons-logging/commons-logging/1.2/commons-logging-1.2.jar:/home/eric/.m2/repository/org/apache/maven/maven-project/2.2.1/maven-project-2.2.1.jar:/home/eric/.m2/repository/org/apache/maven/maven-profile/2.2.1/maven-profile-2.2.1.jar:/home/eric/.m2/repository/org/apache/maven/maven-artifact-manager/2.2.1/maven-artifact-manager-2.2.1.jar:/home/eric/.m2/repository/backport-util-concurrent/backport-util-concurrent/3.1/backport-util-concurrent-3.1.jar:/home/eric/.m2/repository/org/apache/maven/maven-plugin-registry/2.2.1/maven-plugin-registry-2.2.1.jar:/home/eric/.m2/repository/org/apache/maven/scm/maven-scm-api/1.9.4/maven-scm-api-1.9.4.jar:/home/eric/.m2/repository/org/apache/maven/scm/maven-scm-manager-plexus/1.9.4/maven-scm-manager-plexus-1.9.4.jar:/home/eric/.m2/repository/org/codehaus/groovy/groovy-all/2.4.18/groovy-all-2.4.18.jar:/home/eric/.m2/repository/org/apache/maven/scm/maven-scm-provider-accurev/1.9.4/maven-scm-provider-accurev-1.9.4.jar:/home/eric/.m2/repository/org/apache/maven/scm/maven-scm-provider-bazaar/1.9.4/maven-scm-provider-bazaar-1.9.4.jar:/home/eric/.m2/repository/org/apache/maven/scm/maven-scm-provider-clearcase/1.9.4/maven-scm-provider-clearcase-1.9.4.jar:/home/eric/.m2/repository/org/apache/maven/scm/maven-scm-provider-cvsexe/1.9.4/maven-scm-provider-cvsexe-1.9.4.jar:/home/eric/.m2/repository/org/apache/maven/scm/maven-scm-provider-cvs-commons/1.9.4/maven-scm-provider-cvs-commons-1.9.4.jar:/home/eric/.m2/repository/org/apache/maven/scm/maven-scm-provider-cvsjava/1.9.4/maven-scm-provider-cvsjava-1.9.4.jar:/home/eric/.m2/repository/org/netbeans/lib/cvsclient/20060125/cvsclient-20060125.jar:/home/eric/.m2/repository/ch/ethz/ganymed/ganymed-ssh2/build210/ganymed-ssh2-build210.jar:/home/eric/.m2/repository/org/apache/maven/scm/maven-scm-provider-gitexe/1.9.4/maven-scm-provider-gitexe-1.9.4.jar:/home/eric/.m2/repository/commons-io/commons-io/2.2/commons-io-2.2.jar:/home/eric/.m2/repository/org/apache/maven/scm/maven-scm-provider-git-commons/1.9.4/maven-scm-provider-git-commons-1.9.4.jar:/home/eric/.m2/repository/org/apache/maven/scm/maven-scm-provider-hg/1.9.4/maven-scm-provider-hg-1.9.4.jar:/home/eric/.m2/repository/org/apache/maven/scm/maven-scm-provider-perforce/1.9.4/maven-scm-provider-perforce-1.9.4.jar:/home/eric/.m2/repository/org/apache/maven/scm/maven-scm-provider-starteam/1.9.4/maven-scm-provider-starteam-1.9.4.jar:/home/eric/.m2/repository/org/apache/maven/scm/maven-scm-provider-svnexe/1.9.4/maven-scm-provider-svnexe-1.9.4.jar:/home/eric/.m2/repository/org/apache/maven/scm/maven-scm-provider-svn-commons/1.9.4/maven-scm-provider-svn-commons-1.9.4.jar:/home/eric/.m2/repository/org/apache/maven/scm/maven-scm-provider-synergy/1.9.4/maven-scm-provider-synergy-1.9.4.jar:/home/eric/.m2/repository/org/apache/maven/scm/maven-scm-provider-vss/1.9.4/maven-scm-provider-vss-1.9.4.jar:/home/eric/.m2/repository/org/apache/maven/scm/maven-scm-provider-tfs/1.9.4/maven-scm-provider-tfs-1.9.4.jar:/home/eric/.m2/repository/org/apache/maven/scm/maven-scm-provider-integrity/1.9.4/maven-scm-provider-integrity-1.9.4.jar:/home/eric/.m2/repository/com/mks/api/mksapi-jar/4.10.9049/mksapi-jar-4.10.9049.jar:/home/eric/.m2/repository/org/apache/maven/scm/maven-scm-provider-jazz/1.9.4/maven-scm-provider-jazz-1.9.4.jar:/home/eric/.m2/repository/org/apache/maven/surefire/surefire-booter/2.17/surefire-booter-2.17.jar:/home/eric/.m2/repository/org/apache/maven/surefire/surefire-api/2.17/surefire-api-2.17.jar:/home/eric/.m2/repository/org/apache/maven/surefire/maven-surefire-common/2.17/maven-surefire-common-2.17.jar:/home/eric/.m2/repository/org/apache/maven/plugin-tools/maven-plugin-annotations/3.2/maven-plugin-annotations-3.2.jar:/home/eric/.m2/repository/org/apache/maven/maven-plugin-descriptor/2.0.9/maven-plugin-descriptor-2.0.9.jar:/home/eric/.m2/repository/org/apache/commons/commons-lang3/3.1/commons-lang3-3.1.jar:/home/eric/.m2/repository/org/apache/maven/maven-artifact/2.2.1/maven-artifact-2.2.1.jar:/home/eric/.m2/repository/org/apache/maven/maven-toolchain/2.2.1/maven-toolchain-2.2.1.jar:/home/eric/.m2/repository/org/slf4j/jul-to-slf4j/1.7.12/jul-to-slf4j-1.7.12.jar:/home/eric/.m2/repository/org/slf4j/slf4j-api/1.7.12/slf4j-api-1.7.12.jar:/home/eric/.m2/repository/uk/org/lidalia/sysout-over-slf4j/1.0.2/sysout-over-slf4j-1.0.2.jar:/mnt/Data/Facultad/inge2/talleres/4/stackar/lib/randoop-all-4.2.3.jar:"/>
    <property name="sun.cpu.endian" value="little"/>
    <property name="user.home" value="/home/eric"/>
    <property name="user.language" value="en"/>
    <property name="java.specification.vendor" value="Oracle Corporation"/>
    <property name="java.home" value="/usr/lib/jvm/java-8-openjdk/jre"/>
    <property name="basedir" value="/mnt/Data/Facultad/inge2/talleres/4/stackar"/>
    <property name="file.separator" value="/"/>
    <property name="line.separator" value="&#10;"/>
    <property name="java.vm.specification.vendor" value="Oracle Corporation"/>
    <property name="java.specification.name" value="Java Platform API Specification"/>
    <property name="java.awt.graphicsenv" value="sun.awt.X11GraphicsEnvironment"/>
    <property name="surefire.real.class.path" value="/mnt/Data/Facultad/inge2/talleres/4/stackar/target/surefire/surefirebooter89696792142508081.jar:/home/eric/.m2/repository/org/jacoco/org.jacoco.agent/0.8.5/org.jacoco.agent-0.8.5-runtime.jar"/>
    <property name="sun.boot.class.path" value="/usr/lib/jvm/java-8-openjdk/jre/lib/resources.jar:/usr/lib/jvm/java-8-openjdk/jre/lib/rt.jar:/usr/lib/jvm/java-8-openjdk/jre/lib/sunrsasign.jar:/usr/lib/jvm/java-8-openjdk/jre/lib/jsse.jar:/usr/lib/jvm/java-8-openjdk/jre/lib/jce.jar:/usr/lib/jvm/java-8-openjdk/jre/lib/charsets.jar:/usr/lib/jvm/java-8-openjdk/jre/lib/jfr.jar:/usr/lib/jvm/java-8-openjdk/jre/classes"/>
    <property name="sun.management.compiler" value="HotSpot 64-Bit Tiered Compilers"/>
    <property name="java.runtime.version" value="1.8.0_252-b09"/>
    <property name="user.name" value="eric"/>
    <property name="path.separator" value=":"/>
    <property name="os.version" value="5.6.15-1-MANJARO"/>
    <property name="java.endorsed.dirs" value="/usr/lib/jvm/java-8-openjdk/jre/lib/endorsed"/>
    <property name="java.runtime.name" value="OpenJDK Runtime Environment"/>
    <property name="file.encoding" value="UTF-8"/>
    <property name="java.vm.name" value="OpenJDK 64-Bit Server VM"/>
    <property name="localRepository" value="/home/eric/.m2/repository"/>
    <property name="java.vendor.url.bug" value="http://bugreport.sun.com/bugreport/"/>
    <property name="java.io.tmpdir" value="/tmp"/>
    <property name="java.version" value="1.8.0_252"/>
    <property name="user.dir" value="/mnt/Data/Facultad/inge2/talleres/4/stackar"/>
    <property name="os.arch" value="amd64"/>
    <property name="java.vm.specification.name" value="Java Virtual Machine Specification"/>
    <property name="java.awt.printerjob" value="sun.print.PSPrinterJob"/>
    <property name="sun.os.patch.level" value="unknown"/>
    <property name="java.library.path" value="/usr/java/packages/lib/amd64:/usr/lib64:/lib64:/lib:/usr/lib"/>
    <property name="java.vm.info" value="mixed mode"/>
    <property name="java.vendor" value="Oracle Corporation"/>
    <property name="java.vm.version" value="25.252-b09"/>
    <property name="java.ext.dirs" value="/usr/lib/jvm/java-8-openjdk/jre/lib/ext:/usr/java/packages/lib/ext"/>
    <property name="sun.io.unicode.encoding" value="UnicodeLittle"/>
    <property name="java.class.version" value="52.0"/>
  </properties>
  <testcase name="test01" classname="RegressionTest0" time="0.004"/>
  <testcase name="test02" classname="RegressionTest0" time="0"/>
  <testcase name="test03" classname="RegressionTest0" time="0"/>
  <testcase name="test04" classname="RegressionTest0" time="0"/>
  <testcase name="test05" classname="RegressionTest0" time="0"/>
  <testcase name="test06" classname="RegressionTest0" time="0"/>
  <testcase name="test07" classname="RegressionTest0" time="0"/>
  <testcase name="test08" classname="RegressionTest0" time="0"/>
  <testcase name="test09" classname="RegressionTest0" time="0"/>
  <testcase name="test10" classname="RegressionTest0" time="0"/>
  <testcase name="test11" classname="RegressionTest0" time="0"/>
  <testcase name="test12" classname="RegressionTest0" time="0"/>
  <testcase name="test13" classname="RegressionTest0" time="0"/>
  <testcase name="test14" classname="RegressionTest0" time="0"/>
  <testcase name="test15" classname="RegressionTest0" time="0"/>
  <testcase name="test16" classname="RegressionTest0" time="0"/>
  <testcase name="test17" classname="RegressionTest0" time="0"/>
  <testcase name="test18" classname="RegressionTest0" time="0"/>
  <testcase name="test19" classname="RegressionTest0" time="0"/>
  <testcase name="test20" classname="RegressionTest0" time="0"/>
  <testcase name="test21" classname="RegressionTest0" time="0"/>
  <testcase name="test22" classname="RegressionTest0" time="0"/>
  <testcase name="test23" classname="RegressionTest0" time="0"/>
  <testcase name="test24" classname="RegressionTest0" time="0.001"/>
  <testcase name="test25" classname="RegressionTest0" time="0"/>
  <testcase name="test26" classname="RegressionTest0" time="0"/>
  <testcase name="test27" classname="RegressionTest0" time="0"/>
  <testcase name="test28" classname="RegressionTest0" time="0"/>
  <testcase name="test29" classname="RegressionTest0" time="0"/>
  <testcase name="test30" classname="RegressionTest0" time="0"/>
  <testcase name="test31" classname="RegressionTest0" time="0"/>
  <testcase name="test32" classname="RegressionTest0" time="0"/>
  <testcase name="test33" classname="RegressionTest0" time="0.001"/>
  <testcase name="test34" classname="RegressionTest0" time="0"/>
  <testcase name="test35" classname="RegressionTest0" time="0"/>
  <testcase name="test36" classname="RegressionTest0" time="0"/>
  <testcase name="test37" classname="RegressionTest0" time="0"/>
  <testcase name="test38" classname="RegressionTest0" time="0"/>
  <testcase name="test39" classname="RegressionTest0" time="0"/>
  <testcase name="test40" classname="RegressionTest0" time="0"/>
  <testcase name="test41" classname="RegressionTest0" time="0"/>
  <testcase name="test42" classname="RegressionTest0" time="0.001"/>
  <testcase name="test43" classname="RegressionTest0" time="0"/>
  <testcase name="test44" classname="RegressionTest0" time="0"/>
  <testcase name="test45" classname="RegressionTest0" time="0"/>
  <testcase name="test46" classname="RegressionTest0" time="0"/>
  <testcase name="test47" classname="RegressionTest0" time="0"/>
  <testcase name="test48" classname="RegressionTest0" time="0"/>
  <testcase name="test49" classname="RegressionTest0" time="0"/>
  <testcase name="test50" classname="RegressionTest0" time="0"/>
  <testcase name="test51" classname="RegressionTest0" time="0"/>
  <testcase name="test52" classname="RegressionTest0" time="0"/>
  <testcase name="test53" classname="RegressionTest0" time="0"/>
  <testcase name="test54" classname="RegressionTest0" time="0"/>
  <testcase name="test55" classname="RegressionTest0" time="0"/>
  <testcase name="test56" classname="RegressionTest0" time="0"/>
  <testcase name="test57" classname="RegressionTest0" time="0"/>
  <testcase name="test58" classname="RegressionTest0" time="0"/>
</testsuite>